<?xml version="1.0" encoding="UTF-8"?>
<!-- Generated by org.testng.reporters.JUnitReportReporter -->
<testsuite hostname="DESKTOP-O1KM3J9" failures="0" tests="1" name="Test.Decisionfrgtpswdtest" time="0.686" errors="0" timestamp="2023-11-22T11:00:52 IST" skipped="0">
  <testcase classname="Test.Decisionfrgtpswdtest" name="tstfrgtpswd" time="0.686"/>
  <system-out/>
</testsuite> <!-- Test.Decisionfrgtpswdtest -->
