<?xml version="1.0" encoding="UTF-8"?>
<!-- Generated by org.testng.reporters.JUnitReportReporter -->
<testsuite hostname="DESKTOP-O1KM3J9" failures="0" tests="1" name="Test.Techniquestst" time="4.474" errors="0" timestamp="2023-11-28T16:42:41 IST" skipped="0">
  <testcase classname="Test.Techniquestst" name="tsttechn" time="4.474"/>
  <system-out/>
</testsuite> <!-- Test.Techniquestst -->
