<?xml version="1.0" encoding="UTF-8"?>
<!-- Generated by org.testng.reporters.JUnitReportReporter -->
<testsuite hostname="DESKTOP-O1KM3J9" failures="0" tests="1" name="Test.Dashbrdtst" time="16.652" errors="0" timestamp="2023-11-23T09:14:37 IST" skipped="0">
  <testcase classname="Test.Dashbrdtst" name="dshbrdtst" time="16.652"/>
  <system-out/>
</testsuite> <!-- Test.Dashbrdtst -->
