<?xml version="1.0" encoding="UTF-8"?>
<!-- Generated by org.testng.reporters.JUnitReportReporter -->
<testsuite hostname="DESKTOP-O1KM3J9" failures="0" tests="1" name="Test.Decisiontest" time="1.042" errors="0" timestamp="2023-11-22T11:00:19 IST" skipped="0">
  <testcase classname="Test.Decisiontest" name="decisiontst" time="1.042"/>
  <system-out/>
</testsuite> <!-- Test.Decisiontest -->
